<?xml version="1.0" encoding="UTF-8"?>
<testng-results skipped="0" failed="0" ignored="0" total="3" passed="3">
  <reporter-output>
  </reporter-output>
  <suite name="Default suite" duration-ms="54" started-at="2019-12-27T23:10:24 GMT+02:00" finished-at="2019-12-27T23:10:25 GMT+02:00">
    <groups>
    </groups>
    <test name="Default test" duration-ms="54" started-at="2019-12-27T23:10:24 GMT+02:00" finished-at="2019-12-27T23:10:25 GMT+02:00">
      <class name="userUITest">
        <test-method status="PASS" signature="AcceptRequestTest()[pri:0, instance:userUITest@31610302]" name="AcceptRequestTest" duration-ms="13" started-at="2019-12-27T23:10:24 GMT+02:00" finished-at="2019-12-27T23:10:25 GMT+02:00">
          <reporter-output>
          </reporter-output>
        </test-method> <!-- AcceptRequestTest -->
        <test-method status="PASS" signature="sendFriendRequestTest()[pri:0, instance:userUITest@31610302]" name="sendFriendRequestTest" duration-ms="1" started-at="2019-12-27T23:10:25 GMT+02:00" finished-at="2019-12-27T23:10:25 GMT+02:00">
          <reporter-output>
          </reporter-output>
        </test-method> <!-- sendFriendRequestTest -->
        <test-method status="PASS" signature="signUpTest()[pri:0, instance:userUITest@31610302]" name="signUpTest" duration-ms="1" started-at="2019-12-27T23:10:25 GMT+02:00" finished-at="2019-12-27T23:10:25 GMT+02:00">
          <reporter-output>
          </reporter-output>
        </test-method> <!-- signUpTest -->
      </class> <!-- userUITest -->
    </test> <!-- Default test -->
  </suite> <!-- Default suite -->
</testng-results>
